d:\school\game_engine_dev_ii_game3015\game3015_assignments\assignment1\solution\project\x64\debug\frameresource.obj
d:\school\game_engine_dev_ii_game3015\game3015_assignments\assignment1\solution\project\x64\debug\player.obj
d:\school\game_engine_dev_ii_game3015\game3015_assignments\assignment1\solution\project\x64\debug\mathhelper.obj
d:\school\game_engine_dev_ii_game3015\game3015_assignments\assignment1\solution\project\x64\debug\game.obj
d:\school\game_engine_dev_ii_game3015\game3015_assignments\assignment1\solution\project\x64\debug\mainmenustate.obj
d:\school\game_engine_dev_ii_game3015\game3015_assignments\assignment1\solution\project\x64\debug\world.obj
d:\school\game_engine_dev_ii_game3015\game3015_assignments\assignment1\solution\project\x64\debug\spritenode.obj
d:\school\game_engine_dev_ii_game3015\game3015_assignments\assignment1\solution\project\x64\debug\player2.obj
d:\school\game_engine_dev_ii_game3015\game3015_assignments\assignment1\solution\project\x64\debug\gametimer.obj
d:\school\game_engine_dev_ii_game3015\game3015_assignments\assignment1\solution\project\x64\debug\d3dutil.obj
d:\school\game_engine_dev_ii_game3015\game3015_assignments\assignment1\solution\project\x64\debug\main.obj
d:\school\game_engine_dev_ii_game3015\game3015_assignments\assignment1\solution\project\x64\debug\camera.obj
d:\school\game_engine_dev_ii_game3015\game3015_assignments\assignment1\solution\project\x64\debug\scenenode.obj
d:\school\game_engine_dev_ii_game3015\game3015_assignments\assignment1\solution\project\x64\debug\playerbase.obj
d:\school\game_engine_dev_ii_game3015\game3015_assignments\assignment1\solution\project\x64\debug\ddstextureloader.obj
d:\school\game_engine_dev_ii_game3015\game3015_assignments\assignment1\solution\project\x64\debug\tiny_obj_loader.obj
d:\school\game_engine_dev_ii_game3015\game3015_assignments\assignment1\solution\project\x64\debug\entity.obj
d:\school\game_engine_dev_ii_game3015\game3015_assignments\assignment1\solution\project\x64\debug\gamestate.obj
d:\school\game_engine_dev_ii_game3015\game3015_assignments\assignment1\solution\project\x64\debug\aircraft.obj
d:\school\game_engine_dev_ii_game3015\game3015_assignments\assignment1\solution\project\x64\debug\geometrygenerator.obj
d:\school\game_engine_dev_ii_game3015\game3015_assignments\assignment1\solution\project\x64\debug\d3dapp.obj
d:\school\game_engine_dev_ii_game3015\game3015_assignments\assignment1\solution\project\x64\debug\statestack.obj
d:\school\game_engine_dev_ii_game3015\game3015_assignments\assignment1\solution\project\x64\debug\state.obj
d:\school\game_engine_dev_ii_game3015\game3015_assignments\assignment1\solution\project\x64\debug\vc143.pdb
d:\school\game_engine_dev_ii_game3015\game3015_assignments\assignment1\solution\x64\debug\project.exe
d:\school\game_engine_dev_ii_game3015\game3015_assignments\assignment1\solution\x64\debug\project.pdb
d:\school\game_engine_dev_ii_game3015\game3015_assignments\assignment1\solution\project\x64\debug\project.ilk
d:\school\game_engine_dev_ii_game3015\game3015_assignments\assignment1\solution\project\x64\debug\vc143.idb
d:\school\game_engine_dev_ii_game3015\game3015_assignments\assignment1\solution\project\x64\debug\project.tlog\cl.10144.write.1.tlog
d:\school\game_engine_dev_ii_game3015\game3015_assignments\assignment1\solution\project\x64\debug\project.tlog\cl.command.1.tlog
d:\school\game_engine_dev_ii_game3015\game3015_assignments\assignment1\solution\project\x64\debug\project.tlog\cl.items.tlog
d:\school\game_engine_dev_ii_game3015\game3015_assignments\assignment1\solution\project\x64\debug\project.tlog\cl.read.1.tlog
d:\school\game_engine_dev_ii_game3015\game3015_assignments\assignment1\solution\project\x64\debug\project.tlog\link.command.1.tlog
d:\school\game_engine_dev_ii_game3015\game3015_assignments\assignment1\solution\project\x64\debug\project.tlog\link.read.1.tlog
d:\school\game_engine_dev_ii_game3015\game3015_assignments\assignment1\solution\project\x64\debug\project.tlog\link.secondary.1.tlog
d:\school\game_engine_dev_ii_game3015\game3015_assignments\assignment1\solution\project\x64\debug\project.tlog\link.write.1.tlog
